V  Model Weighting Parameters: Large value forces change at boundary or layer   
  I   DD(I) Inv  S    depth/range          I   DD(I) Inv  S    depth/range
--------------------------------------------------------------------------------
  1    0.80 Bdy  2      2.00            | 43    0.10 Bdy  2    180.00           
  2    0.80 Bdy  2      4.00            | 44    0.10 Bdy  2    190.00           
  3    0.80 Bdy  2      6.00            | 45    0.10 Bdy  2    200.00           
  4    0.80 Bdy  2      8.00            | 46    0.10 Bdy  2    210.00           
  5    0.80 Bdy  2     10.00            | 47    0.10 Bdy  2    220.00           
  6    0.80 Bdy  2     12.00            | 48    0.10 Bdy  2    230.00           
  7    0.80 Bdy  2     14.00            | 49    0.10 Bdy  2    240.00           
  8    0.80 Bdy  2     16.00            | 50    0.10 Bdy  2    250.00           
  9    0.80 Bdy  2     18.00            | 51    0.10 Bdy  2    260.00           
 10    1.00 Bdy  2     20.00            | 52    0.10 Bdy  2    270.00           
 11    1.00 Bdy  2     22.00            | 53    0.10 Bdy  2    280.00           
 12    1.00 Bdy  2     24.00            | 54    0.10 Bdy  2    290.00           
 13    1.00 Bdy  2     26.00            | 55    0.10 Bdy  2    300.00           
 14    1.00 Bdy  2     28.00            | 56    0.10 Bdy  2    310.00           
 15    1.00 Bdy  2     30.00            | 57    0.10 Bdy  2    320.00           
 16    1.00 Bdy  2     32.00            | 58    0.10 Bdy  2    330.00           
 17    1.00 Bdy  2     34.00            | 59    0.10 Bdy  2    340.00           
 18    1.00 Bdy  2     36.00            | 60    0.10 Bdy  2    350.00           
 19    1.00 Bdy  2     38.00            | 61    0.10 Bdy  2    360.00           
 20    1.00 Bdy  2     40.00            | 62    0.10 Bdy  2    370.00           
 21    1.00 Bdy  2     42.00            | 63    0.10 Bdy  2    380.00           
 22    1.00 Bdy  2     44.00            | 64    0.10 Bdy  2    390.00           
 23    1.00 Bdy  2     46.00            | 65    0.00 Bdy  2    400.00           
 24    1.00 Bdy  2     48.00            | 66    0.00 Bdy  2    410.00           
 25    0.90 Bdy  2     50.00            | 67    0.00 Bdy  2    420.00           
 26    0.80 Bdy  2     55.00            | 68    0.00 Bdy  2    430.00           
 27    0.70 Bdy  2     60.00            | 69    0.00 Bdy  2    440.00           
 28    0.60 Bdy  2     65.00            | 70    0.00 Bdy  2    450.00           
 29    0.50 Bdy  2     70.00            | 71    0.00 Bdy  2    460.00           
 30    0.40 Bdy  2     75.00            | 72    0.00 Bdy  2    470.00           
 31    0.30 Bdy  2     80.00            | 73    0.00 Bdy  2    480.00           
 32    0.20 Bdy  2     85.00            | 74    0.00 Bdy  2    490.00           
 33    0.10 Bdy  2     90.00            | 75    0.00 Bdy  2    500.00           
 34    0.10 Bdy  2     95.00            | 76    0.00 Bdy  2    510.00           
 35    0.10 Bdy  2    100.00            | 77    0.00 Bdy  2    520.00           
 36    0.10 Bdy  2    110.00            | 78    0.00 Bdy  2    530.00           
 37    0.10 Bdy  2    120.00            | 79    0.00 Bdy  2    540.00           
 38    0.10 Bdy  2    130.00            | 80    0.00 Bdy  2    550.00           
 39    0.10 Bdy  2    140.00            | 81    0.00 Bdy  2    560.00           
 40    0.10 Bdy  2    150.00            | 82    0.00 Bdy  2    570.00           
 41    0.10 Bdy  2    160.00            | 83    0.00 Lyr  2    570.00-   9999.00
 42    0.10 Bdy  2    170.00            |                                       
--------------------------------------------------------------------------------
 Bdy - get velocity change at boundary
 Lyr - get velocity in layer
 S =0 Vp fixed, S=1 Vp/Vs fixed in layer
 Use option 30 to change how Vp obtained
 Use option 31 to change layer weight
 Use option 48 to change layer smoothing
 Use option 45 to redisplay this menu
